<?xml version="1.0" encoding="UTF-8"?>
<testng-results ignored="0" total="5" passed="3" failed="2" skipped="0">
  <reporter-output>
    <line>
      <![CDATA[Zepto page]]>
    </line>
    <line>
      <![CDATA[Dominose page]]>
    </line>
    <line>
      <![CDATA[Zomato page]]>
    </line>
  </reporter-output>
  <suite started-at="2024-05-22T11:37:41 IST" name="Suite" finished-at="2024-05-22T11:38:31 IST" duration-ms="49654">
    <groups>
      <group name="system">
        <method signature="Swiggy.SwiggyLaunch()[pri:0, instance:TestNGExecution.Swiggy@2df9b86]" name="SwiggyLaunch" class="TestNGExecution.Swiggy"/>
        <method signature="Zomato.ZomatoLaunch()[pri:0, instance:TestNGExecution.Zomato@27ff5d15]" name="ZomatoLaunch" class="TestNGExecution.Zomato"/>
      </group> <!-- system -->
      <group name="integration">
        <method signature="KFC.KFCLaunch()[pri:0, instance:TestNGExecution.KFC@446293d]" name="KFCLaunch" class="TestNGExecution.KFC"/>
      </group> <!-- integration -->
      <group name="smoke">
        <method signature="Dominose.DominoseLaunch()[pri:0, instance:TestNGExecution.Dominose@793be5ca]" name="DominoseLaunch" class="TestNGExecution.Dominose"/>
        <method signature="Zepto.ZeptoLaunch()[pri:0, instance:TestNGExecution.Zepto@69997e9d]" name="ZeptoLaunch" class="TestNGExecution.Zepto"/>
      </group> <!-- smoke -->
    </groups>
    <test started-at="2024-05-22T11:37:41 IST" name="Test" finished-at="2024-05-22T11:38:31 IST" duration-ms="49654">
      <class name="TestNGExecution.Swiggy">
        <test-method signature="SwiggyLaunch()[pri:0, instance:TestNGExecution.Swiggy@2df9b86]" started-at="2024-05-22T11:37:41 IST" name="SwiggyLaunch" finished-at="2024-05-22T11:38:26 IST" duration-ms="44522" status="FAIL">
          <exception class="org.openqa.selenium.WebDriverException">
            <message>
              <![CDATA[target frame detached
  (failed to check if window was closed: disconnected: unable to send message to renderer)
  (Session info: chrome=124.0.6367.208)
Build info: version: '4.19.1', revision: 'abe0ee07dc'
System info: os.name: 'Windows 11', os.arch: 'amd64', os.version: '10.0', java.version: '17.0.10'
Driver info: org.openqa.selenium.chrome.ChromeDriver
Command: [94bedbb0e0e61c682392a8aa6f013fcb, get {url=https://www.swiggy.com/}]
Capabilities {acceptInsecureCerts: false, browserName: chrome, browserVersion: 124.0.6367.208, chrome: {chromedriverVersion: 124.0.6367.207 (a9001a6e39f..., userDataDir: C:\Users\csiva\AppData\Loca...}, fedcm:accounts: true, goog:chromeOptions: {debuggerAddress: localhost:65038}, networkConnectionEnabled: false, pageLoadStrategy: normal, platformName: windows, proxy: Proxy(), se:cdp: ws://localhost:65038/devtoo..., se:cdpVersion: 124.0.6367.208, setWindowRect: true, strictFileInteractability: false, timeouts: {implicit: 0, pageLoad: 300000, script: 30000}, unhandledPromptBehavior: dismiss and notify, webauthn:extension:credBlob: true, webauthn:extension:largeBlob: true, webauthn:extension:minPinLength: true, webauthn:extension:prf: true, webauthn:virtualAuthenticators: true}
Session ID: 94bedbb0e0e61c682392a8aa6f013fcb]]>
            </message>
            <full-stacktrace>
              <![CDATA[org.openqa.selenium.WebDriverException: target frame detached
  (failed to check if window was closed: disconnected: unable to send message to renderer)
  (Session info: chrome=124.0.6367.208)
Build info: version: '4.19.1', revision: 'abe0ee07dc'
System info: os.name: 'Windows 11', os.arch: 'amd64', os.version: '10.0', java.version: '17.0.10'
Driver info: org.openqa.selenium.chrome.ChromeDriver
Command: [94bedbb0e0e61c682392a8aa6f013fcb, get {url=https://www.swiggy.com/}]
Capabilities {acceptInsecureCerts: false, browserName: chrome, browserVersion: 124.0.6367.208, chrome: {chromedriverVersion: 124.0.6367.207 (a9001a6e39f..., userDataDir: C:\Users\csiva\AppData\Loca...}, fedcm:accounts: true, goog:chromeOptions: {debuggerAddress: localhost:65038}, networkConnectionEnabled: false, pageLoadStrategy: normal, platformName: windows, proxy: Proxy(), se:cdp: ws://localhost:65038/devtoo..., se:cdpVersion: 124.0.6367.208, setWindowRect: true, strictFileInteractability: false, timeouts: {implicit: 0, pageLoad: 300000, script: 30000}, unhandledPromptBehavior: dismiss and notify, webauthn:extension:credBlob: true, webauthn:extension:largeBlob: true, webauthn:extension:minPinLength: true, webauthn:extension:prf: true, webauthn:virtualAuthenticators: true}
Session ID: 94bedbb0e0e61c682392a8aa6f013fcb
at java.base/jdk.internal.reflect.NativeConstructorAccessorImpl.newInstance0(Native Method)
at java.base/jdk.internal.reflect.NativeConstructorAccessorImpl.newInstance(NativeConstructorAccessorImpl.java:77)
at java.base/jdk.internal.reflect.DelegatingConstructorAccessorImpl.newInstance(DelegatingConstructorAccessorImpl.java:45)
at java.base/java.lang.reflect.Constructor.newInstanceWithCaller(Constructor.java:499)
at java.base/java.lang.reflect.Constructor.newInstance(Constructor.java:480)
at org.openqa.selenium.remote.ErrorCodec.decode(ErrorCodec.java:167)
at org.openqa.selenium.remote.codec.w3c.W3CHttpResponseCodec.decode(W3CHttpResponseCodec.java:138)
at org.openqa.selenium.remote.codec.w3c.W3CHttpResponseCodec.decode(W3CHttpResponseCodec.java:50)
at org.openqa.selenium.remote.HttpCommandExecutor.execute(HttpCommandExecutor.java:190)
at org.openqa.selenium.remote.service.DriverCommandExecutor.invokeExecute(DriverCommandExecutor.java:216)
at org.openqa.selenium.remote.service.DriverCommandExecutor.execute(DriverCommandExecutor.java:174)
at org.openqa.selenium.remote.RemoteWebDriver.execute(RemoteWebDriver.java:518)
at org.openqa.selenium.remote.RemoteWebDriver.get(RemoteWebDriver.java:300)
at TestNGExecution.Swiggy.SwiggyLaunch(Swiggy.java:12)
at java.base/jdk.internal.reflect.NativeMethodAccessorImpl.invoke0(Native Method)
at java.base/jdk.internal.reflect.NativeMethodAccessorImpl.invoke(NativeMethodAccessorImpl.java:77)
at java.base/jdk.internal.reflect.DelegatingMethodAccessorImpl.invoke(DelegatingMethodAccessorImpl.java:43)
at java.base/java.lang.reflect.Method.invoke(Method.java:568)
at org.testng.internal.MethodInvocationHelper.invokeMethod(MethodInvocationHelper.java:133)
at org.testng.internal.TestInvoker.invokeMethod(TestInvoker.java:598)
at org.testng.internal.TestInvoker.invokeTestMethod(TestInvoker.java:173)
at org.testng.internal.MethodRunner.runInSequence(MethodRunner.java:46)
at org.testng.internal.TestInvoker$MethodInvocationAgent.invoke(TestInvoker.java:824)
at org.testng.internal.TestInvoker.invokeTestMethods(TestInvoker.java:146)
at org.testng.internal.TestMethodWorker.invokeTestMethods(TestMethodWorker.java:146)
at org.testng.internal.TestMethodWorker.run(TestMethodWorker.java:128)
at java.base/java.util.concurrent.ThreadPoolExecutor.runWorker(ThreadPoolExecutor.java:1136)
at java.base/java.util.concurrent.ThreadPoolExecutor$Worker.run(ThreadPoolExecutor.java:635)
at java.base/java.lang.Thread.run(Thread.java:840)
]]>
            </full-stacktrace>
          </exception> <!-- org.openqa.selenium.WebDriverException -->
          <reporter-output>
          </reporter-output>
        </test-method> <!-- SwiggyLaunch -->
      </class> <!-- TestNGExecution.Swiggy -->
      <class name="TestNGExecution.Dominose">
        <test-method signature="DominoseLaunch()[pri:0, instance:TestNGExecution.Dominose@793be5ca]" started-at="2024-05-22T11:37:41 IST" name="DominoseLaunch" finished-at="2024-05-22T11:38:31 IST" duration-ms="49410" status="PASS">
          <reporter-output>
            <line>
              <![CDATA[Dominose page]]>
            </line>
          </reporter-output>
        </test-method> <!-- DominoseLaunch -->
      </class> <!-- TestNGExecution.Dominose -->
      <class name="TestNGExecution.KFC">
        <test-method signature="KFCLaunch()[pri:0, instance:TestNGExecution.KFC@446293d]" started-at="2024-05-22T11:37:41 IST" name="KFCLaunch" finished-at="2024-05-22T11:38:31 IST" duration-ms="49552" status="FAIL">
          <exception class="org.openqa.selenium.SessionNotCreatedException">
            <message>
              <![CDATA[Could not start a new session. Response code 500. Message: unknown error: unable to discover open window in chrome
  (Session info: chrome=124.0.6367.208) 
Host info: host: 'SIVASHANKAR', ip: '192.168.137.1'
Build info: version: '4.19.1', revision: 'abe0ee07dc'
System info: os.name: 'Windows 11', os.arch: 'amd64', os.version: '10.0', java.version: '17.0.10'
Driver info: org.openqa.selenium.chrome.ChromeDriver
Command: [null, newSession {capabilities=[Capabilities {browserName: chrome, goog:chromeOptions: {args: [], binary: C:\Program Files\Google\Chr..., extensions: []}}]}]]]>
            </message>
            <full-stacktrace>
              <![CDATA[org.openqa.selenium.SessionNotCreatedException: Could not start a new session. Response code 500. Message: unknown error: unable to discover open window in chrome
  (Session info: chrome=124.0.6367.208) 
Host info: host: 'SIVASHANKAR', ip: '192.168.137.1'
Build info: version: '4.19.1', revision: 'abe0ee07dc'
System info: os.name: 'Windows 11', os.arch: 'amd64', os.version: '10.0', java.version: '17.0.10'
Driver info: org.openqa.selenium.chrome.ChromeDriver
Command: [null, newSession {capabilities=[Capabilities {browserName: chrome, goog:chromeOptions: {args: [], binary: C:\Program Files\Google\Chr..., extensions: []}}]}]
at org.openqa.selenium.remote.ProtocolHandshake.createSession(ProtocolHandshake.java:114)
at org.openqa.selenium.remote.ProtocolHandshake.createSession(ProtocolHandshake.java:75)
at org.openqa.selenium.remote.ProtocolHandshake.createSession(ProtocolHandshake.java:61)
at org.openqa.selenium.remote.HttpCommandExecutor.execute(HttpCommandExecutor.java:162)
at org.openqa.selenium.remote.service.DriverCommandExecutor.invokeExecute(DriverCommandExecutor.java:216)
at org.openqa.selenium.remote.service.DriverCommandExecutor.execute(DriverCommandExecutor.java:174)
at org.openqa.selenium.remote.RemoteWebDriver.execute(RemoteWebDriver.java:518)
at org.openqa.selenium.remote.RemoteWebDriver.startSession(RemoteWebDriver.java:232)
at org.openqa.selenium.remote.RemoteWebDriver.<init>(RemoteWebDriver.java:161)
at org.openqa.selenium.chromium.ChromiumDriver.<init>(ChromiumDriver.java:114)
at org.openqa.selenium.chrome.ChromeDriver.<init>(ChromeDriver.java:89)
at org.openqa.selenium.chrome.ChromeDriver.<init>(ChromeDriver.java:84)
at org.openqa.selenium.chrome.ChromeDriver.<init>(ChromeDriver.java:52)
at TestNGExecution.KFC.KFCLaunch(KFC.java:11)
at java.base/jdk.internal.reflect.NativeMethodAccessorImpl.invoke0(Native Method)
at java.base/jdk.internal.reflect.NativeMethodAccessorImpl.invoke(NativeMethodAccessorImpl.java:77)
at java.base/jdk.internal.reflect.DelegatingMethodAccessorImpl.invoke(DelegatingMethodAccessorImpl.java:43)
at java.base/java.lang.reflect.Method.invoke(Method.java:568)
at org.testng.internal.MethodInvocationHelper.invokeMethod(MethodInvocationHelper.java:133)
at org.testng.internal.TestInvoker.invokeMethod(TestInvoker.java:598)
at org.testng.internal.TestInvoker.invokeTestMethod(TestInvoker.java:173)
at org.testng.internal.MethodRunner.runInSequence(MethodRunner.java:46)
at org.testng.internal.TestInvoker$MethodInvocationAgent.invoke(TestInvoker.java:824)
at org.testng.internal.TestInvoker.invokeTestMethods(TestInvoker.java:146)
at org.testng.internal.TestMethodWorker.invokeTestMethods(TestMethodWorker.java:146)
at org.testng.internal.TestMethodWorker.run(TestMethodWorker.java:128)
at java.base/java.util.concurrent.ThreadPoolExecutor.runWorker(ThreadPoolExecutor.java:1136)
at java.base/java.util.concurrent.ThreadPoolExecutor$Worker.run(ThreadPoolExecutor.java:635)
at java.base/java.lang.Thread.run(Thread.java:840)
]]>
            </full-stacktrace>
          </exception> <!-- org.openqa.selenium.SessionNotCreatedException -->
          <reporter-output>
          </reporter-output>
        </test-method> <!-- KFCLaunch -->
      </class> <!-- TestNGExecution.KFC -->
      <class name="TestNGExecution.Zepto">
        <test-method signature="ZeptoLaunch()[pri:0, instance:TestNGExecution.Zepto@69997e9d]" started-at="2024-05-22T11:37:41 IST" name="ZeptoLaunch" finished-at="2024-05-22T11:38:31 IST" duration-ms="49523" status="PASS">
          <reporter-output>
            <line>
              <![CDATA[Zepto page]]>
            </line>
          </reporter-output>
        </test-method> <!-- ZeptoLaunch -->
      </class> <!-- TestNGExecution.Zepto -->
      <class name="TestNGExecution.Zomato">
        <test-method signature="ZomatoLaunch()[pri:0, instance:TestNGExecution.Zomato@27ff5d15]" started-at="2024-05-22T11:37:41 IST" name="ZomatoLaunch" finished-at="2024-05-22T11:38:30 IST" duration-ms="49004" status="PASS">
          <reporter-output>
            <line>
              <![CDATA[Zomato page]]>
            </line>
          </reporter-output>
        </test-method> <!-- ZomatoLaunch -->
      </class> <!-- TestNGExecution.Zomato -->
    </test> <!-- Test -->
  </suite> <!-- Suite -->
</testng-results>
